Release build
CUDA support is enabled
running clean
removing 'build/temp.linux-x86_64-3.8' (and everything under it)
removing 'build'
running install
running bdist_egg
running egg_info
writing torch_ucc.egg-info/PKG-INFO
writing dependency_links to torch_ucc.egg-info/dependency_links.txt
writing top-level names to torch_ucc.egg-info/top_level.txt
reading manifest file 'torch_ucc.egg-info/SOURCES.txt'
writing manifest file 'torch_ucc.egg-info/SOURCES.txt'
installing library code to build/bdist.linux-x86_64/egg
running install_lib
running build_ext
building 'torch_ucc' extension
creating /home/wisr/aoranwu/reordering/torch-ucc/build
creating /home/wisr/aoranwu/reordering/torch-ucc/build/temp.linux-x86_64-3.8
creating /home/wisr/aoranwu/reordering/torch-ucc/build/temp.linux-x86_64-3.8/src
Emitting ninja build file /home/wisr/aoranwu/reordering/torch-ucc/build/temp.linux-x86_64-3.8/build.ninja...
Compiling objects...
Allowing ninja to set a default number of workers... (overridable by setting the environment variable MAX_JOBS=N)
[1/3] c++ -MMD -MF /home/wisr/aoranwu/reordering/torch-ucc/build/temp.linux-x86_64-3.8/src/torch_ucc_sendrecv.o.d -pthread -B /home/wisr/anaconda3/envs/torch-ucc/compiler_compat -Wl,--sysroot=/ -Wsign-compare -DNDEBUG -g -fwrapv -O3 -Wall -Wstrict-prototypes -fPIC -I/home/wisr/aoranwu/reordering/torch-ucc/include/ -I/home/wisr/asinghvi/ucx/include/ -I/home/wisr/aoranwu/xccl/install/include/ -I/home/wisr/anaconda3/envs/torch-ucc/lib/python3.8/site-packages/torch/include -I/home/wisr/anaconda3/envs/torch-ucc/lib/python3.8/site-packages/torch/include/torch/csrc/api/include -I/home/wisr/anaconda3/envs/torch-ucc/lib/python3.8/site-packages/torch/include/TH -I/home/wisr/anaconda3/envs/torch-ucc/lib/python3.8/site-packages/torch/include/THC -I/usr/local/cuda-10.2/include -I/home/wisr/anaconda3/envs/torch-ucc/include/python3.8 -c -c /home/wisr/aoranwu/reordering/torch-ucc/src/torch_ucc_sendrecv.cpp -o /home/wisr/aoranwu/reordering/torch-ucc/build/temp.linux-x86_64-3.8/src/torch_ucc_sendrecv.o -DUSE_CUDA -DTORCH_API_INCLUDE_EXTENSION_H '-DPYBIND11_COMPILER_TYPE="_gcc"' '-DPYBIND11_STDLIB="_libstdcpp"' '-DPYBIND11_BUILD_ABI="_cxxabi1011"' -DTORCH_EXTENSION_NAME=torch_ucc -D_GLIBCXX_USE_CXX11_ABI=1 -std=c++14
cc1plus: warning: command line option ‘-Wstrict-prototypes’ is valid for C/ObjC but not for C++
[2/3] c++ -MMD -MF /home/wisr/aoranwu/reordering/torch-ucc/build/temp.linux-x86_64-3.8/src/torch_xccl.o.d -pthread -B /home/wisr/anaconda3/envs/torch-ucc/compiler_compat -Wl,--sysroot=/ -Wsign-compare -DNDEBUG -g -fwrapv -O3 -Wall -Wstrict-prototypes -fPIC -I/home/wisr/aoranwu/reordering/torch-ucc/include/ -I/home/wisr/asinghvi/ucx/include/ -I/home/wisr/aoranwu/xccl/install/include/ -I/home/wisr/anaconda3/envs/torch-ucc/lib/python3.8/site-packages/torch/include -I/home/wisr/anaconda3/envs/torch-ucc/lib/python3.8/site-packages/torch/include/torch/csrc/api/include -I/home/wisr/anaconda3/envs/torch-ucc/lib/python3.8/site-packages/torch/include/TH -I/home/wisr/anaconda3/envs/torch-ucc/lib/python3.8/site-packages/torch/include/THC -I/usr/local/cuda-10.2/include -I/home/wisr/anaconda3/envs/torch-ucc/include/python3.8 -c -c /home/wisr/aoranwu/reordering/torch-ucc/src/torch_xccl.cpp -o /home/wisr/aoranwu/reordering/torch-ucc/build/temp.linux-x86_64-3.8/src/torch_xccl.o -DUSE_CUDA -DTORCH_API_INCLUDE_EXTENSION_H '-DPYBIND11_COMPILER_TYPE="_gcc"' '-DPYBIND11_STDLIB="_libstdcpp"' '-DPYBIND11_BUILD_ABI="_cxxabi1011"' -DTORCH_EXTENSION_NAME=torch_ucc -D_GLIBCXX_USE_CXX11_ABI=1 -std=c++14
FAILED: /home/wisr/aoranwu/reordering/torch-ucc/build/temp.linux-x86_64-3.8/src/torch_xccl.o 
c++ -MMD -MF /home/wisr/aoranwu/reordering/torch-ucc/build/temp.linux-x86_64-3.8/src/torch_xccl.o.d -pthread -B /home/wisr/anaconda3/envs/torch-ucc/compiler_compat -Wl,--sysroot=/ -Wsign-compare -DNDEBUG -g -fwrapv -O3 -Wall -Wstrict-prototypes -fPIC -I/home/wisr/aoranwu/reordering/torch-ucc/include/ -I/home/wisr/asinghvi/ucx/include/ -I/home/wisr/aoranwu/xccl/install/include/ -I/home/wisr/anaconda3/envs/torch-ucc/lib/python3.8/site-packages/torch/include -I/home/wisr/anaconda3/envs/torch-ucc/lib/python3.8/site-packages/torch/include/torch/csrc/api/include -I/home/wisr/anaconda3/envs/torch-ucc/lib/python3.8/site-packages/torch/include/TH -I/home/wisr/anaconda3/envs/torch-ucc/lib/python3.8/site-packages/torch/include/THC -I/usr/local/cuda-10.2/include -I/home/wisr/anaconda3/envs/torch-ucc/include/python3.8 -c -c /home/wisr/aoranwu/reordering/torch-ucc/src/torch_xccl.cpp -o /home/wisr/aoranwu/reordering/torch-ucc/build/temp.linux-x86_64-3.8/src/torch_xccl.o -DUSE_CUDA -DTORCH_API_INCLUDE_EXTENSION_H '-DPYBIND11_COMPILER_TYPE="_gcc"' '-DPYBIND11_STDLIB="_libstdcpp"' '-DPYBIND11_BUILD_ABI="_cxxabi1011"' -DTORCH_EXTENSION_NAME=torch_ucc -D_GLIBCXX_USE_CXX11_ABI=1 -std=c++14
cc1plus: warning: command line option ‘-Wstrict-prototypes’ is valid for C/ObjC but not for C++
In file included from /home/wisr/aoranwu/reordering/torch-ucc/src/torch_xccl.cpp:8:0:
/home/wisr/anaconda3/envs/torch-ucc/lib/python3.8/site-packages/torch/include/c10d/Utils.hpp: In function ‘void c10d::assertSameDevice(std::function<void(const std::__cxx11::basic_string<char>&)>, c10::ArrayRef<at::Tensor>)’:
/home/wisr/anaconda3/envs/torch-ucc/lib/python3.8/site-packages/torch/include/c10d/Utils.hpp:261:21: warning: comparison between signed and unsigned integer expressions [-Wsign-compare]
   for (int i = 1; i < tensors.size(); ++i) {
                   ~~^~~~~~~~~~~~~~~~
In file included from /home/wisr/anaconda3/envs/torch-ucc/lib/python3.8/site-packages/torch/include/c10/core/DeviceType.h:8:0,
                 from /home/wisr/anaconda3/envs/torch-ucc/lib/python3.8/site-packages/torch/include/c10/core/Device.h:3,
                 from /home/wisr/anaconda3/envs/torch-ucc/lib/python3.8/site-packages/torch/include/c10/core/Allocator.h:6,
                 from /home/wisr/anaconda3/envs/torch-ucc/lib/python3.8/site-packages/torch/include/ATen/ATen.h:7,
                 from /home/wisr/anaconda3/envs/torch-ucc/lib/python3.8/site-packages/torch/include/c10d/ProcessGroup.hpp:12,
                 from /home/wisr/aoranwu/reordering/torch-ucc/include/torch_ucc_ops.hpp:9,
                 from /home/wisr/aoranwu/reordering/torch-ucc/include/torch_xccl.hpp:10,
                 from /home/wisr/aoranwu/reordering/torch-ucc/src/torch_xccl.cpp:7:
/home/wisr/anaconda3/envs/torch-ucc/lib/python3.8/site-packages/torch/include/c10d/Utils.hpp: In function ‘void c10d::checkSplitSizes(const std::vector<long int>&, const at::Tensor&, int)’:
/home/wisr/anaconda3/envs/torch-ucc/lib/python3.8/site-packages/torch/include/c10d/Utils.hpp:406:28: warning: comparison between signed and unsigned integer expressions [-Wsign-compare]
         split_sizes.size() == group_size,
         ~~~~~~~~~~~~~~~~~~~^~~~
/home/wisr/anaconda3/envs/torch-ucc/lib/python3.8/site-packages/torch/include/c10/macros/Macros.h:173:65: note: in definition of macro ‘C10_UNLIKELY’
 #define C10_UNLIKELY(expr)  (__builtin_expect(static_cast<bool>(expr), 0))
                                                                 ^~~~
/home/wisr/anaconda3/envs/torch-ucc/lib/python3.8/site-packages/torch/include/c10/util/Exception.h:361:7: note: in expansion of macro ‘C10_UNLIKELY_OR_CONST’
   if (C10_UNLIKELY_OR_CONST(!(cond))) {                                 \
       ^~~~~~~~~~~~~~~~~~~~~
/home/wisr/anaconda3/envs/torch-ucc/lib/python3.8/site-packages/torch/include/c10d/Utils.hpp:405:5: note: in expansion of macro ‘TORCH_CHECK’
     TORCH_CHECK(
     ^
/home/wisr/aoranwu/reordering/torch-ucc/src/torch_xccl.cpp: In function ‘void c10d::coll_args_init_with_stream(xccl_coll_op_args_t*, c10d::torch_xccl_comm_t*, c10d::torch_xccl_request_t*)’:
/home/wisr/aoranwu/reordering/torch-ucc/src/torch_xccl.cpp:333:14: error: ‘xccl_coll_op_args_t {aka struct xccl_coll_op_args}’ has no member named ‘field_mask’
   coll_args->field_mask |= XCCL_COLL_OP_ARGS_FIELD_STREAM;
              ^~~~~~~~~~
/home/wisr/aoranwu/reordering/torch-ucc/src/torch_xccl.cpp:333:28: error: ‘XCCL_COLL_OP_ARGS_FIELD_STREAM’ was not declared in this scope
   coll_args->field_mask |= XCCL_COLL_OP_ARGS_FIELD_STREAM;
                            ^~~~~~~~~~~~~~~~~~~~~~~~~~~~~~
/home/wisr/aoranwu/reordering/torch-ucc/src/torch_xccl.cpp:333:28: note: suggested alternative: ‘XCCL_CONTEXT_PARAM_FIELD_TLS’
   coll_args->field_mask |= XCCL_COLL_OP_ARGS_FIELD_STREAM;
                            ^~~~~~~~~~~~~~~~~~~~~~~~~~~~~~
                            XCCL_CONTEXT_PARAM_FIELD_TLS
/home/wisr/aoranwu/reordering/torch-ucc/src/torch_xccl.cpp:334:14: error: ‘xccl_coll_op_args_t {aka struct xccl_coll_op_args}’ has no member named ‘stream’
   coll_args->stream.type = XCCL_STREAM_TYPE_CUDA;
              ^~~~~~
/home/wisr/aoranwu/reordering/torch-ucc/src/torch_xccl.cpp:334:28: error: ‘XCCL_STREAM_TYPE_CUDA’ was not declared in this scope
   coll_args->stream.type = XCCL_STREAM_TYPE_CUDA;
                            ^~~~~~~~~~~~~~~~~~~~~
/home/wisr/aoranwu/reordering/torch-ucc/src/torch_xccl.cpp:334:28: note: suggested alternative: ‘UCS_MEMORY_TYPE_CUDA’
   coll_args->stream.type = XCCL_STREAM_TYPE_CUDA;
                            ^~~~~~~~~~~~~~~~~~~~~
                            UCS_MEMORY_TYPE_CUDA
/home/wisr/aoranwu/reordering/torch-ucc/src/torch_xccl.cpp:335:14: error: ‘xccl_coll_op_args_t {aka struct xccl_coll_op_args}’ has no member named ‘stream’
   coll_args->stream.stream = (void*)(&coll_req->stream);
              ^~~~~~
/home/wisr/aoranwu/reordering/torch-ucc/src/torch_xccl.cpp: In function ‘c10d::torch_ucc_status_t c10d::torch_xccl_allgather(c10d::torch_ucc_coll_comm_t*, std::vector<at::Tensor>&, std::vector<at::Tensor>&, c10d::torch_ucc_coll_request_t**)’:
/home/wisr/aoranwu/reordering/torch-ucc/src/torch_xccl.cpp:390:13: error: ‘xccl_coll_op_args_t {aka struct xccl_coll_op_args}’ has no member named ‘field_mask’
   coll_args.field_mask = 0;
             ^~~~~~~~~~
/home/wisr/aoranwu/reordering/torch-ucc/src/torch_xccl.cpp: In function ‘c10d::torch_ucc_status_t c10d::torch_xccl_alltoall(c10d::torch_ucc_coll_comm_t*, at::Tensor&, at::Tensor&, c10d::torch_ucc_coll_request_t**)’:
/home/wisr/aoranwu/reordering/torch-ucc/src/torch_xccl.cpp:429:13: error: ‘xccl_coll_op_args_t {aka struct xccl_coll_op_args}’ has no member named ‘field_mask’
   coll_args.field_mask = 0;
             ^~~~~~~~~~
/home/wisr/aoranwu/reordering/torch-ucc/src/torch_xccl.cpp: In function ‘c10d::torch_ucc_status_t c10d::torch_xccl_alltoallv(c10d::torch_ucc_coll_comm_t*, at::Tensor&, uint32_t*, uint32_t*, at::Tensor&, uint32_t*, uint32_t*, c10d::torch_ucc_coll_request_t**)’:
/home/wisr/aoranwu/reordering/torch-ucc/src/torch_xccl.cpp:469:13: error: ‘xccl_coll_op_args_t {aka struct xccl_coll_op_args}’ has no member named ‘field_mask’
   coll_args.field_mask = 0;
             ^~~~~~~~~~
/home/wisr/aoranwu/reordering/torch-ucc/src/torch_xccl.cpp: In function ‘c10d::torch_ucc_status_t c10d::torch_xccl_allreduce(c10d::torch_ucc_coll_comm_t*, std::vector<at::Tensor>&, const c10d::AllreduceOptions&, c10d::torch_ucc_coll_request_t**)’:
/home/wisr/aoranwu/reordering/torch-ucc/src/torch_xccl.cpp:507:13: error: ‘xccl_coll_op_args_t {aka struct xccl_coll_op_args}’ has no member named ‘field_mask’
   coll_args.field_mask = 0;
             ^~~~~~~~~~
/home/wisr/aoranwu/reordering/torch-ucc/src/torch_xccl.cpp: In function ‘c10d::torch_ucc_status_t c10d::torch_xccl_barrier(c10d::torch_ucc_coll_comm_t*, c10d::torch_ucc_coll_request_t**)’:
/home/wisr/aoranwu/reordering/torch-ucc/src/torch_xccl.cpp:539:13: error: ‘xccl_coll_op_args_t {aka struct xccl_coll_op_args}’ has no member named ‘field_mask’
   coll_args.field_mask = 0;
             ^~~~~~~~~~
/home/wisr/aoranwu/reordering/torch-ucc/src/torch_xccl.cpp: In function ‘c10d::torch_ucc_status_t c10d::torch_xccl_broadcast(c10d::torch_ucc_coll_comm_t*, std::vector<at::Tensor>&, int, c10d::torch_ucc_coll_request_t**)’:
/home/wisr/aoranwu/reordering/torch-ucc/src/torch_xccl.cpp:566:13: error: ‘xccl_coll_op_args_t {aka struct xccl_coll_op_args}’ has no member named ‘field_mask’
   coll_args.field_mask = 0;
             ^~~~~~~~~~
[3/3] c++ -MMD -MF /home/wisr/aoranwu/reordering/torch-ucc/build/temp.linux-x86_64-3.8/src/torch_ucc.o.d -pthread -B /home/wisr/anaconda3/envs/torch-ucc/compiler_compat -Wl,--sysroot=/ -Wsign-compare -DNDEBUG -g -fwrapv -O3 -Wall -Wstrict-prototypes -fPIC -I/home/wisr/aoranwu/reordering/torch-ucc/include/ -I/home/wisr/asinghvi/ucx/include/ -I/home/wisr/aoranwu/xccl/install/include/ -I/home/wisr/anaconda3/envs/torch-ucc/lib/python3.8/site-packages/torch/include -I/home/wisr/anaconda3/envs/torch-ucc/lib/python3.8/site-packages/torch/include/torch/csrc/api/include -I/home/wisr/anaconda3/envs/torch-ucc/lib/python3.8/site-packages/torch/include/TH -I/home/wisr/anaconda3/envs/torch-ucc/lib/python3.8/site-packages/torch/include/THC -I/usr/local/cuda-10.2/include -I/home/wisr/anaconda3/envs/torch-ucc/include/python3.8 -c -c /home/wisr/aoranwu/reordering/torch-ucc/src/torch_ucc.cpp -o /home/wisr/aoranwu/reordering/torch-ucc/build/temp.linux-x86_64-3.8/src/torch_ucc.o -DUSE_CUDA -DTORCH_API_INCLUDE_EXTENSION_H '-DPYBIND11_COMPILER_TYPE="_gcc"' '-DPYBIND11_STDLIB="_libstdcpp"' '-DPYBIND11_BUILD_ABI="_cxxabi1011"' -DTORCH_EXTENSION_NAME=torch_ucc -D_GLIBCXX_USE_CXX11_ABI=1 -std=c++14
cc1plus: warning: command line option ‘-Wstrict-prototypes’ is valid for C/ObjC but not for C++
In file included from /home/wisr/aoranwu/reordering/torch-ucc/include/torch_ucc.hpp:23:0,
                 from /home/wisr/aoranwu/reordering/torch-ucc/src/torch_ucc.cpp:7:
/home/wisr/anaconda3/envs/torch-ucc/lib/python3.8/site-packages/torch/include/c10d/Utils.hpp: In function ‘void c10d::assertSameDevice(std::function<void(const std::__cxx11::basic_string<char>&)>, c10::ArrayRef<at::Tensor>)’:
/home/wisr/anaconda3/envs/torch-ucc/lib/python3.8/site-packages/torch/include/c10d/Utils.hpp:261:21: warning: comparison between signed and unsigned integer expressions [-Wsign-compare]
   for (int i = 1; i < tensors.size(); ++i) {
                   ~~^~~~~~~~~~~~~~~~
In file included from /home/wisr/anaconda3/envs/torch-ucc/lib/python3.8/site-packages/torch/include/c10/core/DeviceType.h:8:0,
                 from /home/wisr/anaconda3/envs/torch-ucc/lib/python3.8/site-packages/torch/include/c10/core/Device.h:3,
                 from /home/wisr/anaconda3/envs/torch-ucc/lib/python3.8/site-packages/torch/include/c10/core/Allocator.h:6,
                 from /home/wisr/anaconda3/envs/torch-ucc/lib/python3.8/site-packages/torch/include/ATen/ATen.h:7,
                 from /home/wisr/anaconda3/envs/torch-ucc/lib/python3.8/site-packages/torch/include/torch/csrc/utils/variadic.h:3,
                 from /home/wisr/anaconda3/envs/torch-ucc/lib/python3.8/site-packages/torch/include/torch/csrc/api/include/torch/detail/static.h:3,
                 from /home/wisr/anaconda3/envs/torch-ucc/lib/python3.8/site-packages/torch/include/torch/csrc/api/include/torch/python.h:3,
                 from /home/wisr/aoranwu/reordering/torch-ucc/include/torch_ucc.hpp:9,
                 from /home/wisr/aoranwu/reordering/torch-ucc/src/torch_ucc.cpp:7:
/home/wisr/anaconda3/envs/torch-ucc/lib/python3.8/site-packages/torch/include/c10d/Utils.hpp: In function ‘void c10d::checkSplitSizes(const std::vector<long int>&, const at::Tensor&, int)’:
/home/wisr/anaconda3/envs/torch-ucc/lib/python3.8/site-packages/torch/include/c10d/Utils.hpp:406:28: warning: comparison between signed and unsigned integer expressions [-Wsign-compare]
         split_sizes.size() == group_size,
         ~~~~~~~~~~~~~~~~~~~^~~~
/home/wisr/anaconda3/envs/torch-ucc/lib/python3.8/site-packages/torch/include/c10/macros/Macros.h:173:65: note: in definition of macro ‘C10_UNLIKELY’
 #define C10_UNLIKELY(expr)  (__builtin_expect(static_cast<bool>(expr), 0))
                                                                 ^~~~
/home/wisr/anaconda3/envs/torch-ucc/lib/python3.8/site-packages/torch/include/c10/util/Exception.h:361:7: note: in expansion of macro ‘C10_UNLIKELY_OR_CONST’
   if (C10_UNLIKELY_OR_CONST(!(cond))) {                                 \
       ^~~~~~~~~~~~~~~~~~~~~
/home/wisr/anaconda3/envs/torch-ucc/lib/python3.8/site-packages/torch/include/c10d/Utils.hpp:405:5: note: in expansion of macro ‘TORCH_CHECK’
     TORCH_CHECK(
     ^~~~~~~~~~~
ninja: build stopped: subcommand failed.
